nohup: ignoring input
  0%|          | 0/100 [00:00<?, ?it/s]
Traceback (most recent call last):
  File "train.py", line 306, in <module>
    main()
  File "train.py", line 232, in main
    loss_train_obj, loss_train_aff = full_train(model, sample, criterion, optimizer, args.device)
  File "train.py", line 55, in full_train
    h = model(x)    # h[0] => object, h[1] => affordance
  File "/home/yuchi/.pyenv/versions/torch/lib/python3.6/site-packages/torch/nn/modules/module.py", line 489, in __call__
    result = self.forward(*input, **kwargs)
  File "/home/yuchi/Documents/cam/model/deeplabv2.py", line 150, in forward
    x = self.layer5(x)
  File "/home/yuchi/.pyenv/versions/torch/lib/python3.6/site-packages/torch/nn/modules/module.py", line 489, in __call__
    result = self.forward(*input, **kwargs)
  File "/home/yuchi/.pyenv/versions/torch/lib/python3.6/site-packages/torch/nn/modules/container.py", line 92, in forward
    input = module(input)
  File "/home/yuchi/.pyenv/versions/torch/lib/python3.6/site-packages/torch/nn/modules/module.py", line 489, in __call__
    result = self.forward(*input, **kwargs)
  File "/home/yuchi/Documents/cam/model/deeplabv2.py", line 63, in forward
    h = self.increase(h)
  File "/home/yuchi/.pyenv/versions/torch/lib/python3.6/site-packages/torch/nn/modules/module.py", line 489, in __call__
    result = self.forward(*input, **kwargs)
  File "/home/yuchi/.pyenv/versions/torch/lib/python3.6/site-packages/torch/nn/modules/container.py", line 92, in forward
    input = module(input)
  File "/home/yuchi/.pyenv/versions/torch/lib/python3.6/site-packages/torch/nn/modules/module.py", line 489, in __call__
    result = self.forward(*input, **kwargs)
  File "/home/yuchi/.pyenv/versions/torch/lib/python3.6/site-packages/torch/nn/modules/batchnorm.py", line 76, in forward
    exponential_average_factor, self.eps)
  File "/home/yuchi/.pyenv/versions/torch/lib/python3.6/site-packages/torch/nn/functional.py", line 1623, in batch_norm
    training, momentum, eps, torch.backends.cudnn.enabled
RuntimeError: CUDA out of memory. Tried to allocate 105.12 MiB (GPU 0; 10.91 GiB total capacity; 8.56 GiB already allocated; 78.69 MiB free; 706.50 KiB cached)
